<?xml version="1.0" encoding="UTF-8" ?>
<testsuites>
  <testsuite errors="2" failures="2" hostname="DESKTOP-43I2GDP" id="0" name="CalculatorTest" package="" skipped="0" tests="7" time="5.086" timestamp="2021-06-10T12:44:10">
      <properties>
[...]
</properties>

      <testcase classname="CalculatorTest" name="divide" time="0.015">
          <error message="/ by zero" type="java.lang.ArithmeticException">java.lang.ArithmeticException: / by zero
	at Calculator.divide(Unknown Source)
	at CalculatorTest.divide(Unknown Source)
	at java.base/jdk.internal.reflect.NativeMethodAccessorImpl.invoke0(Native Method)
	at java.base/jdk.internal.reflect.NativeMethodAccessorImpl.invoke(NativeMethodAccessorImpl.java:62)
	at java.base/jdk.internal.reflect.DelegatingMethodAccessorImpl.invoke(DelegatingMethodAccessorImpl.java:43)
	at java.base/java.util.concurrent.FutureTask.run(FutureTask.java:264)
	at java.base/java.lang.Thread.run(Thread.java:834)
</error>

      </testcase>

      <testcase classname="CalculatorTest" name="square" time="0.0" />

      <testcase classname="CalculatorTest" name="add" time="0.0" />

      <testcase classname="CalculatorTest" name="clear" time="0.0" />

      <testcase classname="CalculatorTest" name="substract" time="0.0">
          <failure message="expected:&lt;0&gt; but was:&lt;-1&gt;" type="junit.framework.AssertionFailedError">junit.framework.AssertionFailedError: expected:&lt;0&gt; but was:&lt;-1&gt;
	at CalculatorTest.substract(Unknown Source)
	at java.base/jdk.internal.reflect.NativeMethodAccessorImpl.invoke0(Native Method)
	at java.base/jdk.internal.reflect.NativeMethodAccessorImpl.invoke(NativeMethodAccessorImpl.java:62)
	at java.base/jdk.internal.reflect.DelegatingMethodAccessorImpl.invoke(DelegatingMethodAccessorImpl.java:43)
	at java.base/java.util.concurrent.FutureTask.run(FutureTask.java:264)
	at java.base/java.lang.Thread.run(Thread.java:834)
</failure>

      </testcase>

      <testcase classname="CalculatorTest" name="multiply" time="0.0">
          <failure message="expected:&lt;0&gt; but was:&lt;-1&gt;" type="junit.framework.AssertionFailedError">junit.framework.AssertionFailedError: expected:&lt;0&gt; but was:&lt;-1&gt;
	at CalculatorTest.multiply(Unknown Source)
	at java.base/jdk.internal.reflect.NativeMethodAccessorImpl.invoke0(Native Method)
	at java.base/jdk.internal.reflect.NativeMethodAccessorImpl.invoke(NativeMethodAccessorImpl.java:62)
	at java.base/jdk.internal.reflect.DelegatingMethodAccessorImpl.invoke(DelegatingMethodAccessorImpl.java:43)
	at java.base/java.util.concurrent.FutureTask.run(FutureTask.java:264)
	at java.base/java.lang.Thread.run(Thread.java:834)
</failure>

      </testcase>

      <testcase classname="CalculatorTest" name="squareRoot" time="5.024">
          <error message="test timed out after 5000 milliseconds" type="org.junit.runners.model.TestTimedOutException">org.junit.runners.model.TestTimedOutException: test timed out after 5000 milliseconds
	at Calculator.squareRoot(Unknown Source)
	at CalculatorTest.squareRoot(Unknown Source)
	at java.base@11.0.9/jdk.internal.reflect.NativeMethodAccessorImpl.invoke0(Native Method)
	at java.base@11.0.9/jdk.internal.reflect.NativeMethodAccessorImpl.invoke(NativeMethodAccessorImpl.java:62)
	at java.base@11.0.9/jdk.internal.reflect.DelegatingMethodAccessorImpl.invoke(DelegatingMethodAccessorImpl.java:43)
	at java.base@11.0.9/java.util.concurrent.FutureTask.run(FutureTask.java:264)
	at java.base@11.0.9/java.lang.Thread.run(Thread.java:834)
</error>

      </testcase>

      <system-out><![CDATA[BeforeClass
tearDown
BeforeClass
tearDown
BeforeClass
tearDown
BeforeClass
tearDown
BeforeClass
tearDown
BeforeClass
tearDown
BeforeClass
tearDown
]]></system-out>

      <system-err><![CDATA[]]></system-err>

  </testsuite>
</testsuites>
